Starting AbxDbit pipeline batch processing...
Reading batch parameters from /home/hpc/johannes.wirth/data/experiments/IntAct/06_42/batch_parameters_06_42_test.csv
Found following batch numbers: [1]
2022-11-08 15:29:08 : Start processing batch 1 of 1 with 1 files
Writing log to /home/hpc/johannes.wirth/data/experiments/IntAct/06_42/testfiles/pipeline_2022_11_08.out
Output directory: /home/hpc/johannes.wirth/data/experiments/IntAct/06_42/testfiles
Temp directory: /home/hpc/johannes.wirth/data/experiments/IntAct/06_42/testfiles
Command 1:
bash /home/hpc/johannes.wirth/projects/xDbit_toolbox/ReadsToCounts/devs/AbxDbit/AbxDbit_pipeline.sh -g /lustre/groups/hpc/meier_lab/datasets/genomes_STAR/mm_STARmeta/STAR/ -r /lustre/groups/hpc/meier_lab/datasets/genomes_STAR/mm_STARmeta/Mm_metadata.fasta -b /home/hpc/johannes.wirth/data/experiments/IntAct/06_42/barcodes/barcode_legend/barcode_legend_B2.csv -f /home/hpc/johannes.wirth/data/experiments/IntAct/06_42/feature_legend.csv -n 2000 -m xDbit -i interact -j 1 -o /home/hpc/johannes.wirth/data/experiments/IntAct/06_42/testfiles -t /home/hpc/johannes.wirth/data/experiments/IntAct/06_42/testfiles -e /home/hpc/johannes.wirth/data/experiments/IntAct/06_42/testfiles/rna_22L009846.R1.fastq.gz /home/hpc/johannes.wirth/data/experiments/IntAct/06_42/testfiles/rna_22L009846.R2.fastq.gz /home/hpc/johannes.wirth/data/experiments/IntAct/06_42/testfiles/feat_22L009855.R1.fastq.gz /home/hpc/johannes.wirth/data/experiments/IntAct/06_42/testfiles/feat_22L009855.R2.fastq.gz
2022-11-08 15:29:46: Process 1 in batch 1 finished
2022-11-08 15:29:46: All processes of batch 1 finished after 0:00:37.691590.
2022-11-08 15:29:46: All batches finished after 0:00:37.759129.
Starting AbxDbit pipeline batch processing...
Reading batch parameters from /home/hpc/johannes.wirth/data/experiments/IntAct/06_42/batch_parameters_06_42_test.csv
Found following batch numbers: [1]
2022-11-08 15:30:42 : Start processing batch 1 of 1 with 1 files
Writing log to /home/hpc/johannes.wirth/data/experiments/IntAct/06_42/testfiles/pipeline_2022_11_08.out
Output directory: /home/hpc/johannes.wirth/data/experiments/IntAct/06_42/testfiles
Temp directory: /home/hpc/johannes.wirth/data/experiments/IntAct/06_42/testfiles
Command 1:
bash /home/hpc/johannes.wirth/projects/xDbit_toolbox/ReadsToCounts/devs/AbxDbit/AbxDbit_pipeline.sh -g /lustre/groups/hpc/meier_lab/datasets/genomes_STAR/mm_STARmeta/STAR/ -r /lustre/groups/hpc/meier_lab/datasets/genomes_STAR/mm_STARmeta/Mm_metadata.fasta -b /home/hpc/johannes.wirth/data/experiments/IntAct/06_42/barcodes/barcode_legend/barcode_legend_B2.csv -f /home/hpc/johannes.wirth/data/experiments/IntAct/06_42/feature_legend.csv -n 2000 -m xDbit -i interact -j 1 -o /home/hpc/johannes.wirth/data/experiments/IntAct/06_42/testfiles -t /home/hpc/johannes.wirth/data/experiments/IntAct/06_42/testfiles -e /home/hpc/johannes.wirth/data/experiments/IntAct/06_42/testfiles/rna_22L009846.R1.fastq.gz /home/hpc/johannes.wirth/data/experiments/IntAct/06_42/testfiles/rna_22L009846.R2.fastq.gz /home/hpc/johannes.wirth/data/experiments/IntAct/06_42/testfiles/feat_22L009855.R1.fastq.gz /home/hpc/johannes.wirth/data/experiments/IntAct/06_42/testfiles/feat_22L009855.R2.fastq.gz
2022-11-08 15:34:15: Process 1 in batch 1 finished
2022-11-08 15:34:15: All processes of batch 1 finished after 0:03:33.190759.
2022-11-08 15:34:15: All batches finished after 0:03:33.200029.
Starting AbxDbit pipeline batch processing...
Reading batch parameters from /home/hpc/johannes.wirth/data/experiments/IntAct/06_42/batch_parameters_06_42_test.csv
Found following batch numbers: [1]
2022-11-08 16:03:42 : Start processing batch 1 of 1 with 1 files
Writing log to /home/hpc/johannes.wirth/data/experiments/IntAct/06_42/testfiles/pipeline_2022_11_08.out
Output directory: /home/hpc/johannes.wirth/data/experiments/IntAct/06_42/testfiles
Temp directory: /home/hpc/johannes.wirth/data/experiments/IntAct/06_42/testfiles
Command 1:
bash /home/hpc/johannes.wirth/projects/xDbit_toolbox/ReadsToCounts/devs/AbxDbit/AbxDbit_pipeline.sh -g /lustre/groups/hpc/meier_lab/datasets/genomes_STAR/mm_STARmeta/STAR/ -r /lustre/groups/hpc/meier_lab/datasets/genomes_STAR/mm_STARmeta/Mm_metadata.fasta -b /home/hpc/johannes.wirth/data/experiments/IntAct/06_42/barcodes/barcode_legend/barcode_legend_B2.csv -f /home/hpc/johannes.wirth/data/experiments/IntAct/06_42/feature_legend.csv -n 2000 -m xDbit -i interact -j 1 -o /home/hpc/johannes.wirth/data/experiments/IntAct/06_42/testfiles -t /home/hpc/johannes.wirth/data/experiments/IntAct/06_42/testfiles -e /home/hpc/johannes.wirth/data/experiments/IntAct/06_42/testfiles/rna_22L009846.R1.fastq.gz /home/hpc/johannes.wirth/data/experiments/IntAct/06_42/testfiles/rna_22L009846.R2.fastq.gz /home/hpc/johannes.wirth/data/experiments/IntAct/06_42/testfiles/feat_22L009855.R1.fastq.gz /home/hpc/johannes.wirth/data/experiments/IntAct/06_42/testfiles/feat_22L009855.R2.fastq.gz
2022-11-08 16:05:51: Process 1 in batch 1 finished
2022-11-08 16:05:51: All processes of batch 1 finished after 0:02:08.616952.
2022-11-08 16:05:51: All batches finished after 0:02:09.034918.
Starting AbxDbit pipeline batch processing...
Reading batch parameters from /home/hpc/johannes.wirth/data/experiments/IntAct/06_42/batch_parameters_06_42_test.csv
Found following batch numbers: [1]
2022-11-08 16:06:05 : Start processing batch 1 of 1 with 1 files
Writing log to /home/hpc/johannes.wirth/data/experiments/IntAct/06_42/testfiles/pipeline_2022_11_08.out
Output directory: /home/hpc/johannes.wirth/data/experiments/IntAct/06_42/testfiles
Temp directory: /home/hpc/johannes.wirth/data/experiments/IntAct/06_42/testfiles
Command 1:
bash /home/hpc/johannes.wirth/projects/xDbit_toolbox/ReadsToCounts/devs/AbxDbit/AbxDbit_pipeline.sh -g /lustre/groups/hpc/meier_lab/datasets/genomes_STAR/mm_STARmeta/STAR/ -r /lustre/groups/hpc/meier_lab/datasets/genomes_STAR/mm_STARmeta/Mm_metadata.fasta -b /home/hpc/johannes.wirth/data/experiments/IntAct/06_42/barcodes/barcode_legend/barcode_legend_B2.csv -f /home/hpc/johannes.wirth/data/experiments/IntAct/06_42/feature_legend.csv -n 2000 -m xDbit -i interact -j 1 -o /home/hpc/johannes.wirth/data/experiments/IntAct/06_42/testfiles -t /home/hpc/johannes.wirth/data/experiments/IntAct/06_42/testfiles -e /home/hpc/johannes.wirth/data/experiments/IntAct/06_42/testfiles/rna_22L009846.R1.fastq.gz /home/hpc/johannes.wirth/data/experiments/IntAct/06_42/testfiles/rna_22L009846.R2.fastq.gz /home/hpc/johannes.wirth/data/experiments/IntAct/06_42/testfiles/feat_22L009855.R1.fastq.gz /home/hpc/johannes.wirth/data/experiments/IntAct/06_42/testfiles/feat_22L009855.R2.fastq.gz
2022-11-08 16:09:37: Process 1 in batch 1 finished
2022-11-08 16:09:37: All processes of batch 1 finished after 0:03:31.642191.
2022-11-08 16:09:37: All batches finished after 0:03:31.651304.
Starting AbxDbit pipeline batch processing...
Reading batch parameters from /home/hpc/johannes.wirth/data/experiments/IntAct/06_42/batch_parameters_06_42_test.csv
Found following batch numbers: [1]
2022-11-08 16:18:11 : Start processing batch 1 of 1 with 1 files
Writing log to /home/hpc/johannes.wirth/data/experiments/IntAct/06_42/testfiles/pipeline_2022_11_08.out
Output directory: /home/hpc/johannes.wirth/data/experiments/IntAct/06_42/testfiles
Temp directory: /home/hpc/johannes.wirth/data/experiments/IntAct/06_42/testfiles
Command 1:
bash /home/hpc/johannes.wirth/projects/xDbit_toolbox/ReadsToCounts/devs/AbxDbit/AbxDbit_pipeline.sh -g /lustre/groups/hpc/meier_lab/datasets/genomes_STAR/mm_STARmeta/STAR/ -r /lustre/groups/hpc/meier_lab/datasets/genomes_STAR/mm_STARmeta/Mm_metadata.fasta -b /home/hpc/johannes.wirth/data/experiments/IntAct/06_42/barcodes/barcode_legend/barcode_legend_B2.csv -f /home/hpc/johannes.wirth/data/experiments/IntAct/06_42/feature_legend.csv -n 2000 -m xDbit -i interact -j 1 -o /home/hpc/johannes.wirth/data/experiments/IntAct/06_42/testfiles -t /home/hpc/johannes.wirth/data/experiments/IntAct/06_42/testfiles -e /home/hpc/johannes.wirth/data/experiments/IntAct/06_42/testfiles/rna_22L009846.R1.fastq.gz /home/hpc/johannes.wirth/data/experiments/IntAct/06_42/testfiles/rna_22L009846.R2.fastq.gz /home/hpc/johannes.wirth/data/experiments/IntAct/06_42/testfiles/feat_22L009855.R1.fastq.gz /home/hpc/johannes.wirth/data/experiments/IntAct/06_42/testfiles/feat_22L009855.R2.fastq.gz
2022-11-08 16:21:37: Process 1 in batch 1 finished
2022-11-08 16:21:37: All processes of batch 1 finished after 0:03:26.113877.
2022-11-08 16:21:37: All batches finished after 0:03:26.144098.
